# JRE version: Java(TM) SE Runtime Environment (24.0.1+9) (build 24.0.1+9-30)
# Java VM: Java HotSpot(TM) 64-Bit Server VM (24.0.1+9-30, mixed mode, emulated-client, sharing, tiered, compressed oops, compressed class ptrs, g1 gc, windows-amd64)
GC Precious Log:
 CardTable entry size: 512
 Card Set container configuration: InlinePtr #cards 5 size 8 Array Of Cards #cards 10 size 36 Howl #buckets 4 coarsen threshold 1843 Howl Bitmap #cards 512 size 80 coarsen threshold 460 Card regions per heap region 1 cards per card region 2048
 CPUs: 4 total, 4 available
 Memory: 3546M
 Large Page Support: Disabled
 NUMA Support: Disabled
 Compressed Oops: Enabled (32-bit)
 Heap Region Size: 1M
 Heap Min Capacity: 8M
 Heap Initial Capacity: 56M
 Heap Max Capacity: 888M
 Pre-touch: Disabled
 Parallel Workers: 4
 Concurrent Workers: 1
 Concurrent Refinement Workers: 4
 Periodic GC: Disabled
Heap:
 garbage-first heap   total reserved 909312K, committed 55296K, used 35923K [0x00000000c8800000, 0x0000000100000000)
  region size 1024K, 5 young (5120K), 3 survivors (3072K)
 Metaspace       used 73784K, committed 74240K, reserved 1179648K
  class space    used 8276K, committed 8448K, reserved 1048576K
GC Heap History (20 events):
Event: 61.739 GC heap before
{Heap before GC invocations=9 (full 0):
 garbage-first heap   total reserved 909312K, committed 55296K, used 36083K [0x00000000c8800000, 0x0000000100000000)
  region size 1024K, 14 young (14336K), 2 survivors (2048K)
 Metaspace       used 35544K, committed 35968K, reserved 1114112K
  class space    used 3983K, committed 4160K, reserved 1048576K
}
Event: 61.748 GC heap after
{Heap after GC invocations=10 (full 0):
 garbage-first heap   total reserved 909312K, committed 55296K, used 25651K [0x00000000c8800000, 0x0000000100000000)
  region size 1024K, 3 young (3072K), 3 survivors (3072K)
 Metaspace       used 35544K, committed 35968K, reserved 1114112K
  class space    used 3983K, committed 4160K, reserved 1048576K
}
Event: 66.396 GC heap before
{Heap before GC invocations=11 (full 0):
 garbage-first heap   total reserved 909312K, committed 55296K, used 46131K [0x00000000c8800000, 0x0000000100000000)
  region size 1024K, 23 young (23552K), 3 survivors (3072K)
 Metaspace       used 40252K, committed 40640K, reserved 1114112K
  class space    used 4593K, committed 4736K, reserved 1048576K
}
Event: 66.407 GC heap after
{Heap after GC invocations=12 (full 0):
 garbage-first heap   total reserved 909312K, committed 55296K, used 27218K [0x00000000c8800000, 0x0000000100000000)
  region size 1024K, 3 young (3072K), 3 survivors (3072K)
 Metaspace       used 40252K, committed 40640K, reserved 1114112K
  class space    used 4593K, committed 4736K, reserved 1048576K
}
Event: 70.204 GC heap before
{Heap before GC invocations=12 (full 0):
 garbage-first heap   total reserved 909312K, committed 55296K, used 45650K [0x00000000c8800000, 0x0000000100000000)
  region size 1024K, 21 young (21504K), 3 survivors (3072K)
 Metaspace       used 45654K, committed 46144K, reserved 1114112K
  class space    used 5122K, committed 5312K, reserved 1048576K
}
Event: 70.215 GC heap after
{Heap after GC invocations=13 (full 0):
 garbage-first heap   total reserved 909312K, committed 55296K, used 28643K [0x00000000c8800000, 0x0000000100000000)
  region size 1024K, 3 young (3072K), 3 survivors (3072K)
 Metaspace       used 45654K, committed 46144K, reserved 1114112K
  class space    used 5122K, committed 5312K, reserved 1048576K
}
Event: 75.920 GC heap before
{Heap before GC invocations=13 (full 0):
 garbage-first heap   total reserved 909312K, committed 55296K, used 47075K [0x00000000c8800000, 0x0000000100000000)
  region size 1024K, 22 young (22528K), 3 survivors (3072K)
 Metaspace       used 53321K, committed 53760K, reserved 1114112K
  class space    used 5962K, committed 6144K, reserved 1048576K
}
Event: 75.934 GC heap after
{Heap after GC invocations=14 (full 0):
 garbage-first heap   total reserved 909312K, committed 55296K, used 30638K [0x00000000c8800000, 0x0000000100000000)
  region size 1024K, 3 young (3072K), 3 survivors (3072K)
 Metaspace       used 53321K, committed 53760K, reserved 1114112K
  class space    used 5962K, committed 6144K, reserved 1048576K
}
Event: 78.386 GC heap before
{Heap before GC invocations=15 (full 0):
 garbage-first heap   total reserved 909312K, committed 55296K, used 48046K [0x00000000c8800000, 0x0000000100000000)
  region size 1024K, 20 young (20480K), 3 survivors (3072K)
 Metaspace       used 57595K, committed 58112K, reserved 1114112K
  class space    used 6317K, committed 6528K, reserved 1048576K
}
Event: 78.397 GC heap after
{Heap after GC invocations=16 (full 0):
 garbage-first heap   total reserved 909312K, committed 55296K, used 31744K [0x00000000c8800000, 0x0000000100000000)
  region size 1024K, 1 young (1024K), 1 survivors (1024K)
 Metaspace       used 57595K, committed 58112K, reserved 1114112K
  class space    used 6317K, committed 6528K, reserved 1048576K
}
Event: 80.787 GC heap before
{Heap before GC invocations=16 (full 0):
 garbage-first heap   total reserved 909312K, committed 55296K, used 49152K [0x00000000c8800000, 0x0000000100000000)
  region size 1024K, 19 young (19456K), 1 survivors (1024K)
 Metaspace       used 62616K, committed 63104K, reserved 1114112K
  class space    used 6788K, committed 6976K, reserved 1048576K
}
Event: 80.800 GC heap after
{Heap after GC invocations=17 (full 0):
 garbage-first heap   total reserved 909312K, committed 55296K, used 31847K [0x00000000c8800000, 0x0000000100000000)
  region size 1024K, 2 young (2048K), 2 survivors (2048K)
 Metaspace       used 62616K, committed 63104K, reserved 1114112K
  class space    used 6788K, committed 6976K, reserved 1048576K
}
Event: 84.945 GC heap before
{Heap before GC invocations=17 (full 0):
 garbage-first heap   total reserved 909312K, committed 55296K, used 47207K [0x00000000c8800000, 0x0000000100000000)
  region size 1024K, 18 young (18432K), 2 survivors (2048K)
 Metaspace       used 66758K, committed 67264K, reserved 1114112K
  class space    used 7457K, committed 7680K, reserved 1048576K
}
Event: 84.953 GC heap after
{Heap after GC invocations=18 (full 0):
 garbage-first heap   total reserved 909312K, committed 55296K, used 32257K [0x00000000c8800000, 0x0000000100000000)
  region size 1024K, 2 young (2048K), 2 survivors (2048K)
 Metaspace       used 66758K, committed 67264K, reserved 1114112K
  class space    used 7457K, committed 7680K, reserved 1048576K
}
Event: 87.770 GC heap before
{Heap before GC invocations=19 (full 0):
 garbage-first heap   total reserved 909312K, committed 55296K, used 48641K [0x00000000c8800000, 0x0000000100000000)
  region size 1024K, 18 young (18432K), 2 survivors (2048K)
 Metaspace       used 70365K, committed 70848K, reserved 1114112K
  class space    used 7903K, committed 8064K, reserved 1048576K
}
Event: 87.780 GC heap after
{Heap after GC invocations=20 (full 0):
 garbage-first heap   total reserved 909312K, committed 55296K, used 33186K [0x00000000c8800000, 0x0000000100000000)
  region size 1024K, 3 young (3072K), 3 survivors (3072K)
 Metaspace       used 70365K, committed 70848K, reserved 1114112K
  class space    used 7903K, committed 8064K, reserved 1048576K
}
Event: 89.216 GC heap before
{Heap before GC invocations=20 (full 0):
 garbage-first heap   total reserved 909312K, committed 55296K, used 46498K [0x00000000c8800000, 0x0000000100000000)
  region size 1024K, 16 young (16384K), 3 survivors (3072K)
 Metaspace       used 71618K, committed 72128K, reserved 1114112K
  class space    used 8065K, committed 8256K, reserved 1048576K
}
Event: 89.232 GC heap after
{Heap after GC invocations=21 (full 0):
 garbage-first heap   total reserved 909312K, committed 55296K, used 33306K [0x00000000c8800000, 0x0000000100000000)
  region size 1024K, 2 young (2048K), 2 survivors (2048K)
 Metaspace       used 71618K, committed 72128K, reserved 1114112K
  class space    used 8065K, committed 8256K, reserved 1048576K
}
Event: 90.734 GC heap before
{Heap before GC invocations=21 (full 0):
 garbage-first heap   total reserved 909312K, committed 55296K, used 47642K [0x00000000c8800000, 0x0000000100000000)
  region size 1024K, 17 young (17408K), 2 survivors (2048K)
 Metaspace       used 73789K, committed 74240K, reserved 1179648K
  class space    used 8277K, committed 8448K, reserved 1048576K
}
Event: 90.745 GC heap after
{Heap after GC invocations=22 (full 0):
 garbage-first heap   total reserved 909312K, committed 55296K, used 34899K [0x00000000c8800000, 0x0000000100000000)
  region size 1024K, 3 young (3072K), 3 survivors (3072K)
 Metaspace       used 73789K, committed 74240K, reserved 1179648K
  class space    used 8277K, committed 8448K, reserved 1048576K
}

